{"sessionId": "9f7496", "runId": "pre-fix-1", "hypothesisId": "H4", "location": "services_pinecone.retrieve_docs", "message": "Starting retrieve docs", "data": {"query": "hallo"}, "timestamp": 1774113517202}
{"sessionId": "9f7496", "runId": "pre-fix-1", "hypothesisId": "H1", "location": "services_file.load_docs", "message": "Starting document loading", "data": {"file_path_provided": true, "files_found": 1}, "timestamp": 1774113548428}
{"sessionId": "9f7496", "runId": "pre-fix-1", "hypothesisId": "H3", "location": "services_file.load_docs", "message": "Loaded PDF file", "data": {"filename": "health_policy_premium.pdf", "docs_in_file": 2}, "timestamp": 1774113548732}
{"sessionId": "9f7496", "runId": "pre-fix-1", "hypothesisId": "H2", "location": "services_file.load_docs", "message": "Metadata extraction", "data": {"filename": "health_policy_premium.pdf", "category": "health", "document_type": "policy"}, "timestamp": 1774113548736}
{"sessionId": "9f7496", "runId": "pre-fix-1", "hypothesisId": "H2", "location": "services_file.load_docs", "message": "Metadata extraction", "data": {"filename": "health_policy_premium.pdf", "category": "health", "document_type": "policy"}, "timestamp": 1774113548739}
{"sessionId": "9f7496", "runId": "pre-fix-1", "hypothesisId": "H3", "location": "services_file.load_docs", "message": "Total documents loaded", "data": {"total_docs": 2}, "timestamp": 1774113548740}
{"sessionId": "9f7496", "runId": "pre-fix-1", "hypothesisId": "H3", "location": "services_file.create_chunks", "message": "Chunks created from documents", "data": {"total_chunks": 3}, "timestamp": 1774113548742}
{"sessionId": "9f7496", "runId": "pre-fix-1", "hypothesisId": "H4", "location": "services_embedings.embeddings", "message": "Starting embeddings creation", "data": {"chunks": 3}, "timestamp": 1774113548744}
{"sessionId": "9f7496", "runId": "pre-fix-1", "hypothesisId": "H4", "location": "services_pinecone.pinecone_vector_store", "message": "Starting pinecone vector store creation", "data": {"chunks": 3}, "timestamp": 1774113553907}
{"sessionId": "9f7496", "runId": "pre-fix-1", "hypothesisId": "H4", "location": "services_pinecone.retrieve_docs", "message": "Starting retrieve docs", "data": {"query": "health_policy_premium.pdf"}, "timestamp": 1774113558472}
{"sessionId": "9f7496", "runId": "pre-fix-1", "hypothesisId": "H4", "location": "agents_chat_graph.generate_reply", "message": "Starting generate reply", "data": {"query": "health_policy_premium.pdf", "context": "Date: ___________________________\nThis document is issued electronically by SentraLife Insurance Group. All benefits are subject to policy terms and conditions.\n\nThis document is issued electronically by SentraLife Insurance Group. All benefits are subject to policy terms and conditions."}, "timestamp": 1774113559200}
{"sessionId": "9f7496", "runId": "pre-fix-1", "hypothesisId": "H4", "location": "services_pinecone.retrieve_docs", "message": "Starting retrieve docs", "data": {"query": "can you tell me what on that file"}, "timestamp": 1774113702552}
{"sessionId": "9f7496", "runId": "pre-fix-1", "hypothesisId": "H1", "location": "services_file.load_docs", "message": "Starting document loading", "data": {"file_path_provided": true, "files_found": 1}, "timestamp": 1774113742790}
{"sessionId": "9f7496", "runId": "pre-fix-1", "hypothesisId": "H3", "location": "services_file.load_docs", "message": "Loaded PDF file", "data": {"filename": "health_policy_basic.pdf", "docs_in_file": 2}, "timestamp": 1774113742844}
{"sessionId": "9f7496", "runId": "pre-fix-1", "hypothesisId": "H2", "location": "services_file.load_docs", "message": "Metadata extraction", "data": {"filename": "health_policy_basic.pdf", "category": "health", "document_type": "policy"}, "timestamp": 1774113742846}
{"sessionId": "9f7496", "runId": "pre-fix-1", "hypothesisId": "H2", "location": "services_file.load_docs", "message": "Metadata extraction", "data": {"filename": "health_policy_basic.pdf", "category": "health", "document_type": "policy"}, "timestamp": 1774113742849}
{"sessionId": "9f7496", "runId": "pre-fix-1", "hypothesisId": "H3", "location": "services_file.load_docs", "message": "Total documents loaded", "data": {"total_docs": 2}, "timestamp": 1774113742852}
{"sessionId": "9f7496", "runId": "pre-fix-1", "hypothesisId": "H3", "location": "services_file.create_chunks", "message": "Chunks created from documents", "data": {"total_chunks": 3}, "timestamp": 1774113742854}
{"sessionId": "9f7496", "runId": "pre-fix-1", "hypothesisId": "H4", "location": "services_embedings.embeddings", "message": "Starting embeddings creation", "data": {"chunks": 3}, "timestamp": 1774113742856}
{"sessionId": "9f7496", "runId": "pre-fix-1", "hypothesisId": "H4", "location": "services_pinecone.pinecone_vector_store", "message": "Starting pinecone vector store creation", "data": {"chunks": 3}, "timestamp": 1774113747426}
{"sessionId": "9f7496", "runId": "pre-fix-1", "hypothesisId": "H4", "location": "services_pinecone.retrieve_docs", "message": "Starting retrieve docs", "data": {"query": "tell me inside this file"}, "timestamp": 1774113751341}
{"sessionId": "9f7496", "runId": "pre-fix-1", "hypothesisId": "H4", "location": "agents_chat_graph.generate_reply", "message": "Starting generate reply", "data": {"query": "tell me inside this file", "context": "Date: ___________________________\nThis document is issued electronically by SentraLife Insurance Group. All benefits are subject to policy terms and conditions.\n\nThis document is issued electronically by SentraLife Insurance Group. All benefits are subject to policy terms and conditions."}, "timestamp": 1774113751720}
{"sessionId": "9f7496", "runId": "pre-fix-1", "hypothesisId": "H1", "location": "services_file.load_docs", "message": "Starting document loading", "data": {"file_path_provided": true, "files_found": 1}, "timestamp": 1774114823827}
{"sessionId": "9f7496", "runId": "pre-fix-1", "hypothesisId": "H3", "location": "services_file.load_docs", "message": "Loaded PDF file", "data": {"filename": "health_policy_premium.pdf", "docs_in_file": 2}, "timestamp": 1774114824246}
{"sessionId": "9f7496", "runId": "pre-fix-1", "hypothesisId": "H2", "location": "services_file.load_docs", "message": "Metadata extraction", "data": {"filename": "health_policy_premium.pdf", "category": "health", "document_type": "policy"}, "timestamp": 1774114824246}
{"sessionId": "9f7496", "runId": "pre-fix-1", "hypothesisId": "H2", "location": "services_file.load_docs", "message": "Metadata extraction", "data": {"filename": "health_policy_premium.pdf", "category": "health", "document_type": "policy"}, "timestamp": 1774114824250}
{"sessionId": "9f7496", "runId": "pre-fix-1", "hypothesisId": "H3", "location": "services_file.load_docs", "message": "Total documents loaded", "data": {"total_docs": 2}, "timestamp": 1774114824250}
{"sessionId": "9f7496", "runId": "pre-fix-1", "hypothesisId": "H3", "location": "services_file.create_chunks", "message": "Chunks created from documents", "data": {"total_chunks": 3}, "timestamp": 1774114824250}
{"sessionId": "9f7496", "runId": "pre-fix-1", "hypothesisId": "H4", "location": "services_embedings.embeddings", "message": "Starting embeddings creation", "data": {"chunks": 3}, "timestamp": 1774114824255}
{"sessionId": "9f7496", "runId": "pre-fix-1", "hypothesisId": "H4", "location": "services_pinecone.pinecone_vector_store", "message": "Starting pinecone vector store creation", "data": {"chunks": 3}, "timestamp": 1774114829283}
{"sessionId": "9f7496", "runId": "pre-fix-1", "hypothesisId": "H4", "location": "services_pinecone.retrieve_docs", "message": "Starting retrieve docs", "data": {"query": "Please summarize the attached document."}, "timestamp": 1774114833546}
{"sessionId": "9f7496", "runId": "pre-fix-1", "hypothesisId": "H4", "location": "agents_chat_graph.generate_reply", "message": "Starting generate reply", "data": {"query": "Please summarize the attached document.", "context": "Date: ___________________________\nThis document is issued electronically by SentraLife Insurance Group. All benefits are subject to policy terms and conditions.\n\nThis document is issued electronically by SentraLife Insurance Group. All benefits are subject to policy terms and conditions."}, "timestamp": 1774114833985}
{"sessionId": "9f7496", "runId": "pre-fix-1", "hypothesisId": "H4", "location": "services_pinecone.retrieve_docs", "message": "Starting retrieve docs", "data": {"query": "how much coverage for hospitalization"}, "timestamp": 1774114906455}
{"sessionId": "9f7496", "runId": "pre-fix-1", "hypothesisId": "H4", "location": "services_pinecone.retrieve_docs", "message": "Starting retrieve docs", "data": {"query": "hallo"}, "timestamp": 1774114917387}
{"sessionId": "9f7496", "runId": "pre-fix-1", "hypothesisId": "H4", "location": "services_embedings.embeddings", "message": "Starting embeddings creation", "data": {"chunks": 0}, "timestamp": 1774115433578}
{"sessionId": "9f7496", "runId": "pre-fix-1", "hypothesisId": "H4", "location": "services_pinecone.retrieve_docs", "message": "Starting retrieve docs", "data": {"query": "hallo"}, "timestamp": 1774115440705}
{"sessionId": "9f7496", "runId": "pre-fix-1", "hypothesisId": "H4", "location": "agents_chat_graph.generate_reply", "message": "Starting generate reply", "data": {"query": "hallo", "context": "\u007f\nSubmit hospital invoice and medical report\n\u007f\nComplete SentraLife claim form\n\u007f\nAttach policyholder ID and policy certificate\n\u007f\nProcessing time: 7 working days\n\u007f\nReimbursement via registered bank account\nAuthorized Signature: ___________________________\nDate: ___________________________\nThis document is issued electronically by SentraLife Insurance Group. All benefits are subject to policy terms and conditions.\n\n\u007f\nSubmit hospital invoice and medical report\n\u007f\nComplete SentraLife claim form\n\u007f\nAttach policyholder ID and policy certificate\n\u007f\nProcessing time: 7 working days\n\u007f\nReimbursement via registered bank account\nAuthorized Signature: ___________________________\nDate: ___________________________\nThis document is issued electronically by SentraLife Insurance Group. All benefits are subject to policy terms and conditions."}, "timestamp": 1774115442336}
{"sessionId": "9f7496", "runId": "pre-fix-1", "hypothesisId": "H4", "location": "services_embedings.embeddings", "message": "Starting embeddings creation", "data": {"chunks": 0}, "timestamp": 1774115452345}
{"sessionId": "9f7496", "runId": "pre-fix-1", "hypothesisId": "H4", "location": "services_pinecone.retrieve_docs", "message": "Starting retrieve docs", "data": {"query": "what 1 + 1"}, "timestamp": 1774115458805}
{"sessionId": "9f7496", "runId": "pre-fix-1", "hypothesisId": "H4", "location": "agents_chat_graph.generate_reply", "message": "Starting generate reply", "data": {"query": "what 1 + 1", "context": "SentraLife Insurance Group\nOfficial Policy Document\nCar Insurance Standard\nPolicy Name\nCar Insurance Standard\nPolicy Code\nCAR-STD-101\nIssued By\nSentraLife Insurance Group\nPremium Rate\n2.5% of vehicle insured value per year\nCoverage Benefits\n\u007f\nOwn damage coverage up to vehicle market value\n\u007f\nThird-party liability up to $20,000\n\u007f\nTheft protection\n\u007f\nFire damage\n\u007f\nNatural disaster coverage (flood, earthquake)\nPolicy Exclusions\n\u007f\nDriving under influence of alcohol or drugs\n\u007f\nNo valid driving license\n\u007f\nWear and tear\n\u007f\nMechanical breakdown\nClaim Procedure\n\u007f\nReport incident within 48 hours\n\u007f\n\nSentraLife Insurance Group\nOfficial Policy Document\nCar Insurance Gold\nPolicy Name\nCar Insurance Gold\nPolicy Code\nCAR-GLD-202\nIssued By\nSentraLife Insurance Group\nPremium Rate\n3.5% of vehicle insured value per year\nCoverage Benefits\n\u007f\nAll Standard benefits\n\u007f\nThird-party liability up to $50,000\n\u007f\nPersonal accident driver coverage up to $15,000\n\u007f\nRoadside assistance\n\u007f\nReplacement car (max 5 days)\nPolicy Exclusions\n\u007f\nIntentional damage\n\u007f\nParticipation in racing\n\u007f\nCommercial usage unless declared\nClaim Procedure\n\u007f\nReport via mobile app\n\u007f\nUpload required documents\n\u007f\nDigital damage assessment\n\u007f"}, "timestamp": 1774115460274}
{"sessionId": "9f7496", "runId": "pre-fix-1", "hypothesisId": "H1", "location": "services_file.load_docs", "message": "Starting document loading", "data": {"file_path_provided": true, "files_found": 1}, "timestamp": 1774115552102}
{"sessionId": "9f7496", "runId": "pre-fix-1", "hypothesisId": "H3", "location": "services_file.load_docs", "message": "Loaded PDF file", "data": {"filename": "health_policy_premium.pdf", "docs_in_file": 2}, "timestamp": 1774115552279}
{"sessionId": "9f7496", "runId": "pre-fix-1", "hypothesisId": "H2", "location": "services_file.load_docs", "message": "Metadata extraction", "data": {"filename": "health_policy_premium.pdf", "category": "health", "document_type": "policy"}, "timestamp": 1774115552279}
{"sessionId": "9f7496", "runId": "pre-fix-1", "hypothesisId": "H2", "location": "services_file.load_docs", "message": "Metadata extraction", "data": {"filename": "health_policy_premium.pdf", "category": "health", "document_type": "policy"}, "timestamp": 1774115552279}
{"sessionId": "9f7496", "runId": "pre-fix-1", "hypothesisId": "H3", "location": "services_file.load_docs", "message": "Total documents loaded", "data": {"total_docs": 2}, "timestamp": 1774115552279}
{"sessionId": "9f7496", "runId": "pre-fix-1", "hypothesisId": "H3", "location": "services_file.create_chunks", "message": "Chunks created from documents", "data": {"total_chunks": 3}, "timestamp": 1774115552285}
{"sessionId": "9f7496", "runId": "pre-fix-1", "hypothesisId": "H4", "location": "services_embedings.embeddings", "message": "Starting embeddings creation", "data": {"chunks": 3}, "timestamp": 1774115552286}
{"sessionId": "9f7496", "runId": "pre-fix-1", "hypothesisId": "H4", "location": "services_pinecone.pinecone_vector_store", "message": "Starting pinecone vector store creation", "data": {"chunks": 3}, "timestamp": 1774115556321}
{"sessionId": "9f7496", "runId": "pre-fix-1", "hypothesisId": "H4", "location": "services_pinecone.retrieve_docs", "message": "Starting retrieve docs", "data": {"query": "test"}, "timestamp": 1774115559933}
{"sessionId": "9f7496", "runId": "pre-fix-1", "hypothesisId": "H4", "location": "agents_chat_graph.generate_reply", "message": "Starting generate reply", "data": {"query": "test", "context": "\u007f\nDigital damage assessment\n\u007f\nClaim decision within 3\u20134 working days\nAuthorized Signature: ___________________________\nDate: ___________________________\n\n\u007f\nCashless available at partner hospitals\n\u007f\nFor reimbursement: submit invoice & diagnosis report\n\u007f\nFill digital claim form via customer portal\n\u007f\nProcessing time: 5 working days\nAuthorized Signature: ___________________________\nDate: ___________________________\nThis document is issued electronically by SentraLife Insurance Group. All benefits are subject to policy terms and conditions."}, "timestamp": 1774115560303}
{"sessionId": "9f7496", "runId": "pre-fix-1", "hypothesisId": "H1", "location": "services_file.load_docs", "message": "Starting document loading", "data": {"file_path_provided": true, "files_found": 1}, "timestamp": 1774116194251}
{"sessionId": "9f7496", "runId": "pre-fix-1", "hypothesisId": "H3", "location": "services_file.load_docs", "message": "Loaded PDF file", "data": {"filename": "health_policy_premium.pdf", "docs_in_file": 2}, "timestamp": 1774116194890}
{"sessionId": "9f7496", "runId": "pre-fix-1", "hypothesisId": "H2", "location": "services_file.load_docs", "message": "Metadata extraction", "data": {"filename": "health_policy_premium.pdf", "category": "health", "document_type": "policy"}, "timestamp": 1774116194891}
{"sessionId": "9f7496", "runId": "pre-fix-1", "hypothesisId": "H2", "location": "services_file.load_docs", "message": "Metadata extraction", "data": {"filename": "health_policy_premium.pdf", "category": "health", "document_type": "policy"}, "timestamp": 1774116194891}
{"sessionId": "9f7496", "runId": "pre-fix-1", "hypothesisId": "H3", "location": "services_file.load_docs", "message": "Total documents loaded", "data": {"total_docs": 2}, "timestamp": 1774116194893}
{"sessionId": "9f7496", "runId": "pre-fix-1", "hypothesisId": "H3", "location": "services_file.create_chunks", "message": "Chunks created from documents", "data": {"total_chunks": 3}, "timestamp": 1774116194896}
{"sessionId": "9f7496", "runId": "pre-fix-1", "hypothesisId": "H4", "location": "services_embedings.embeddings", "message": "Starting embeddings creation", "data": {"chunks": 3}, "timestamp": 1774116194896}
{"sessionId": "9f7496", "runId": "pre-fix-1", "hypothesisId": "H4", "location": "services_pinecone.pinecone_vector_store", "message": "Starting pinecone vector store creation", "data": {"chunks": 3}, "timestamp": 1774116199696}
{"sessionId": "9f7496", "runId": "pre-fix-1", "hypothesisId": "H4", "location": "services_pinecone.retrieve_docs", "message": "Starting retrieve docs", "data": {"query": "Please summarize the attached document."}, "timestamp": 1774116205068}
{"sessionId": "9f7496", "runId": "pre-fix-1", "hypothesisId": "H4", "location": "agents_chat_graph.generate_reply", "message": "Starting generate reply", "data": {"query": "Please summarize the attached document.", "context": "Date: ___________________________\nThis document is issued electronically by SentraLife Insurance Group. All benefits are subject to policy terms and conditions.\n\nThis document is issued electronically by SentraLife Insurance Group. All benefits are subject to policy terms and conditions."}, "timestamp": 1774116205485}
