{"sessionId": "9f7496", "runId": "pre-fix-1", "hypothesisId": "TEST-1", "location": "self-test", "message": "This is a direct execution test.", "data": {}, "timestamp": 1775721557932}
{"sessionId": "9f7496", "runId": "pre-fix-1", "hypothesisId": "H1", "location": "database_chat.get_db", "message": "Database connection established", "data": {}, "timestamp": 1775721765981}
{"sessionId": "9f7496", "runId": "pre-fix-1", "hypothesisId": "H1", "location": "database_chat.get_db", "message": "Database connection established", "data": {}, "timestamp": 1775721772087}
{"sessionId": "9f7496", "runId": "pre-fix-1", "hypothesisId": "H1", "location": "services_file.load_docs", "message": "Starting document loading", "data": {"file_path_provided": true, "files_found": 1}, "timestamp": 1775721772483}
{"sessionId": "9f7496", "runId": "pre-fix-1", "hypothesisId": "H3", "location": "services_file.load_docs", "message": "Loaded PDF file", "data": {"filename": "health_policy_premium.pdf", "docs_in_file": 2}, "timestamp": 1775721772882}
{"sessionId": "9f7496", "runId": "pre-fix-1", "hypothesisId": "H2", "location": "services_file.load_docs", "message": "Metadata extraction", "data": {"filename": "health_policy_premium.pdf", "category": "health", "document_type": "policy"}, "timestamp": 1775721772883}
{"sessionId": "9f7496", "runId": "pre-fix-1", "hypothesisId": "H2", "location": "services_file.load_docs", "message": "Metadata extraction", "data": {"filename": "health_policy_premium.pdf", "category": "health", "document_type": "policy"}, "timestamp": 1775721772886}
{"sessionId": "9f7496", "runId": "pre-fix-1", "hypothesisId": "H3", "location": "services_file.load_docs", "message": "Total documents loaded", "data": {"total_docs": 2}, "timestamp": 1775721772888}
{"sessionId": "9f7496", "runId": "pre-fix-1", "hypothesisId": "H3", "location": "services_file.create_chunks", "message": "Chunks created from documents", "data": {"total_chunks": 3}, "timestamp": 1775721772892}
{"sessionId": "9f7496", "runId": "pre-fix-1", "hypothesisId": "H4", "location": "services_embedings.embeddings", "message": "Starting embeddings creation", "data": {"chunks": 3}, "timestamp": 1775721772893}
{"sessionId": "9f7496", "runId": "pre-fix-1", "hypothesisId": "H4", "location": "services_pinecone.pinecone_vector_store", "message": "Starting pinecone vector store creation", "data": {"chunks": 3}, "timestamp": 1775721778052}
{"sessionId": "9f7496", "runId": "pre-fix-1", "hypothesisId": "H4", "location": "services_pinecone.retrieve_docs", "message": "Starting retrieve docs", "data": {"query": "Please summarize the attached document."}, "timestamp": 1775721782612}
{"sessionId": "9f7496", "runId": "pre-fix-1", "hypothesisId": "H4", "location": "agents_chat_graph.generate_reply", "message": "Starting generate reply", "data": {"query": "Please summarize the attached document.", "context": "Date: ___________________________\nThis document is issued electronically by SentraLife Insurance Group. All benefits are subject to policy terms and conditions.\n\nDate: ___________________________\nThis document is issued electronically by SentraLife Insurance Group. All benefits are subject to policy terms and conditions."}, "timestamp": 1775721783040}
{"sessionId": "9f7496", "runId": "pre-fix-1", "hypothesisId": "H1", "location": "database_chat.get_db", "message": "Database connection established", "data": {}, "timestamp": 1775721825400}
{"sessionId": "9f7496", "runId": "pre-fix-1", "hypothesisId": "H1", "location": "database_chat.get_db", "message": "Database connection established", "data": {}, "timestamp": 1775721909268}
{"sessionId": "9f7496", "runId": "pre-fix-1", "hypothesisId": "H4", "location": "services_embedings.embeddings", "message": "Starting embeddings creation", "data": {"chunks": 0}, "timestamp": 1775721909357}
{"sessionId": "9f7496", "runId": "pre-fix-1", "hypothesisId": "H4", "location": "services_pinecone.retrieve_docs", "message": "Starting retrieve docs", "data": {"query": "whats your name"}, "timestamp": 1775721915321}
{"sessionId": "9f7496", "runId": "pre-fix-1", "hypothesisId": "H4", "location": "agents_chat_graph.generate_reply", "message": "Starting generate reply", "data": {"query": "whats your name", "context": "PERSONAL DETAILS \n Name Faisal Abraham \n Age 31 \n Gender Male \n Marital Status Single \n \n  \nCandidate Summary \n  Seasoned RPA Developer with 6+ years of experience in \nautomating business processes using UiPath. Proficient in \ndesigning, developing, and implementing RPA solutions across \ndiverse banking domains. Possesses a strong understanding of \nRPA concepts, best practices, and UiPath tools. Skilled in analyzing \ncomplex business processes, identifying automation \nopportunities, and developing efficient RPA workflows. \nDemonstrated ability to collaborate effectively with business\n\n\u007f\nDigital damage assessment\n\u007f\nClaim decision within 3\u20134 working days\nAuthorized Signature: ___________________________\nDate: ___________________________"}, "timestamp": 1775721916931}
{"sessionId": "9f7496", "runId": "pre-fix-1", "hypothesisId": "H1", "location": "database_chat.get_db", "message": "Database connection established", "data": {}, "timestamp": 1775721963602}
{"sessionId": "9f7496", "runId": "pre-fix-1", "hypothesisId": "H1", "location": "database_chat.get_db", "message": "Database connection established", "data": {}, "timestamp": 1775723754997}
{"sessionId": "9f7496", "runId": "pre-fix-1", "hypothesisId": "H1", "location": "database_chat.get_db", "message": "Database connection established", "data": {}, "timestamp": 1775723755039}
{"sessionId": "9f7496", "runId": "pre-fix-1", "hypothesisId": "H1", "location": "database_chat.get_db", "message": "Database connection established", "data": {}, "timestamp": 1775723755680}
{"sessionId": "9f7496", "runId": "pre-fix-1", "hypothesisId": "H1", "location": "database_chat.get_db", "message": "Database connection established", "data": {}, "timestamp": 1775724076596}
{"sessionId": "9f7496", "runId": "pre-fix-1", "hypothesisId": "H1", "location": "database_chat.get_db", "message": "Database connection established", "data": {}, "timestamp": 1775724076643}
{"sessionId": "9f7496", "runId": "pre-fix-1", "hypothesisId": "H1", "location": "database_chat.get_db", "message": "Database connection established", "data": {}, "timestamp": 1775724077419}
{"sessionId": "9f7496", "runId": "pre-fix-1", "hypothesisId": "H1", "location": "database_chat.get_db", "message": "Database connection established", "data": {}, "timestamp": 1775724404799}
{"sessionId": "9f7496", "runId": "pre-fix-1", "hypothesisId": "H1", "location": "database_chat.get_db", "message": "Database connection established", "data": {}, "timestamp": 1775724404837}
{"sessionId": "9f7496", "runId": "pre-fix-1", "hypothesisId": "H1", "location": "database_chat.get_db", "message": "Database connection established", "data": {}, "timestamp": 1775724405082}
{"sessionId": "9f7496", "runId": "pre-fix-1", "hypothesisId": "H1", "location": "database_chat.get_db", "message": "Database connection established", "data": {}, "timestamp": 1775727899508}
{"sessionId": "9f7496", "runId": "pre-fix-1", "hypothesisId": "H1", "location": "database_chat.get_db", "message": "Database connection established", "data": {}, "timestamp": 1775727899526}
{"sessionId": "9f7496", "runId": "pre-fix-1", "hypothesisId": "H1", "location": "database_chat.get_db", "message": "Database connection established", "data": {}, "timestamp": 1775727899598}
{"sessionId": "9f7496", "runId": "pre-fix-1", "hypothesisId": "H1", "location": "database_chat.get_db", "message": "Database connection established", "data": {}, "timestamp": 1775737449716}
{"sessionId": "9f7496", "runId": "pre-fix-1", "hypothesisId": "H1", "location": "database_chat.get_db", "message": "Database connection established", "data": {}, "timestamp": 1775737449872}
{"sessionId": "9f7496", "runId": "pre-fix-1", "hypothesisId": "H1", "location": "database_chat.get_db", "message": "Database connection established", "data": {}, "timestamp": 1775737450159}
{"sessionId": "9f7496", "runId": "pre-fix-1", "hypothesisId": "H1", "location": "database_chat.get_db", "message": "Database connection established", "data": {}, "timestamp": 1775795216922}
{"sessionId": "9f7496", "runId": "pre-fix-1", "hypothesisId": "H1", "location": "database_chat.get_db", "message": "Database connection established", "data": {}, "timestamp": 1775795216978}
{"sessionId": "9f7496", "runId": "pre-fix-1", "hypothesisId": "H1", "location": "database_chat.get_db", "message": "Database connection established", "data": {}, "timestamp": 1775795217855}
